#
# A fatal error has been detected by the Java Runtime Environment:
#
#  EXCEPTION_ACCESS_VIOLATION (0xc0000005) at pc=0x06b784f7, pid=832, tid=5336
#
# JRE version: 7.0_25-b16
# Java VM: Java HotSpot(TM) Client VM (23.25-b01 mixed mode, sharing windows-x86 )
# Problematic frame:
# C  [ig7icd32.dll+0x6584f7]  ShInitialize+0x180f67
#
# Failed to write core dump. Minidumps are not enabled by default on client versions of Windows
#
# If you would like to submit a bug report, please visit:
#   http://bugreport.sun.com/bugreport/crash.jsp
# The crash happened outside the Java Virtual Machine in native code.
# See problematic frame for where to report the bug.
#

---------------  T H R E A D  ---------------

Current thread (0x04c37400):  JavaThread "LWJGL Application" [_thread_in_native, id=5336, stack(0x053f0000,0x05440000)]

siginfo: ExceptionCode=0xc0000005, reading address 0x00000000

Registers:
EAX=0x00000000, EBX=0x7c44a578, ECX=0x00000000, EDX=0xffffffff
ESP=0x0543ee3c, EBP=0x06367518, ESI=0x7c561150, EDI=0x7bf627a0
EIP=0x06b784f7, EFLAGS=0x00010246

Top of Stack: (sp=0x0543ee3c)
0x0543ee3c:   0543f070 3ee4d180 00000000 06310080
0x0543ee4c:   0000028c 00000000 00000000 06367844
0x0543ee5c:   072b4a60 06367518 72d622ef 00000000
0x0543ee6c:   072b01cc 072b0000 00000000 00000000
0x0543ee7c:   7c44a578 7c561150 7bf627a0 00000001
0x0543ee8c:   072b01cc 00000000 00000000 00000000
0x0543ee9c:   00000000 0006c79f 082c6c30 18c590d8
0x0543eeac:   00000040 18c58f88 00000000 083cad08 

Instructions: (pc=0x06b784f7)
0x06b784d7:   00 8b 54 24 24 8b 43 08 8b 4b 04 83 c4 0c 52 8b
0x06b784e7:   93 10 0a 00 00 50 51 8b 0b e8 cb bc ff ff 8b 0b
0x06b784f7:   83 39 00 74 22 8b 01 66 83 78 08 00 74 19 83 38
0x06b78507:   00 74 14 8b 54 24 18 8b 83 10 0a 00 00 52 50 8d 


Register to memory mapping:

EAX=0x00000000 is an unknown value
EBX=0x7c44a578 is an unknown value
ECX=0x00000000 is an unknown value
EDX=0xffffffff is an unknown value
ESP=0x0543ee3c is pointing into the stack for thread: 0x04c37400
EBP=0x06367518 is an unknown value
ESI=0x7c561150 is an unknown value
EDI=0x7bf627a0 is an unknown value


Stack: [0x053f0000,0x05440000],  sp=0x0543ee3c,  free space=315k
Native frames: (J=compiled Java code, j=interpreted, Vv=VM code, C=native code)
C  [ig7icd32.dll+0x6584f7]  ShInitialize+0x180f67

Java frames: (J=compiled Java code, j=interpreted, Vv=VM code)
J  org.lwjgl.opengl.GL20.nglLinkProgram(IJ)V
J  com.badlogic.gdx.graphics.glutils.ShaderProgram.linkProgram()I
J  com.badlogic.gdx.graphics.glutils.ShaderProgram.compileShaders(Ljava/lang/String;Ljava/lang/String;)V
J  com.badlogic.gdx.graphics.glutils.ShaderProgram.<init>(Ljava/lang/String;Ljava/lang/String;)V
J  com.badlogic.gdx.graphics.glutils.ShapeRenderer.<init>(I)V
J  com.kenneth.whp2.actors.objects.MainCharacter.act(F)V
J  com.badlogic.gdx.scenes.scene2d.Group.act(F)V
J  com.kenneth.whp2.actors.wrap.GameWrap.act(F)V
J  com.badlogic.gdx.scenes.scene2d.Group.act(F)V
J  com.badlogic.gdx.scenes.scene2d.Stage.act(F)V
J  com.kenneth.whp2.screens.GameScreen.render(F)V
J  com.badlogic.gdx.Game.render()V
j  com.badlogic.gdx.backends.lwjgl.LwjglApplication.mainLoop()V+642
j  com.badlogic.gdx.backends.lwjgl.LwjglApplication$1.run()V+27
v  ~StubRoutines::call_stub

---------------  P R O C E S S  ---------------

Java Threads: ( => current thread )
  0x08e4c000 JavaThread "LWJGL Timer" daemon [_thread_blocked, id=3600, stack(0x05a10000,0x05a60000)]
  0x003ab000 JavaThread "DestroyJavaVM" [_thread_blocked, id=1840, stack(0x00310000,0x00360000)]
=>0x04c37400 JavaThread "LWJGL Application" [_thread_in_native, id=5336, stack(0x053f0000,0x05440000)]
  0x01f57000 JavaThread "Service Thread" daemon [_thread_blocked, id=3484, stack(0x04a00000,0x04a50000)]
  0x01f4e000 JavaThread "C1 CompilerThread0" daemon [_thread_blocked, id=4928, stack(0x04760000,0x047b0000)]
  0x01f4d000 JavaThread "Attach Listener" daemon [_thread_blocked, id=5860, stack(0x04940000,0x04990000)]
  0x01f4c000 JavaThread "Signal Dispatcher" daemon [_thread_blocked, id=5740, stack(0x047b0000,0x04800000)]
  0x01f34400 JavaThread "Finalizer" daemon [_thread_blocked, id=3120, stack(0x04490000,0x044e0000)]
  0x01f32800 JavaThread "Reference Handler" daemon [_thread_blocked, id=5728, stack(0x04550000,0x045a0000)]

Other Threads:
  0x01f30c00 VMThread [stack: 0x01fc0000,0x02010000] [id=4196]
  0x01f69800 WatcherThread [stack: 0x049b0000,0x04a00000] [id=4936]

VM state:not at safepoint (normal execution)

VM Mutex/Monitor currently owned by a thread: None

Heap
 def new generation   total 21504K, used 14136K [0x24540000, 0x25c90000, 0x29a90000)
  eden space 19136K,  63% used [0x24540000, 0x25130510, 0x257f0000)
  from space 2368K,  80% used [0x257f0000, 0x259cdec8, 0x25a40000)
  to   space 2368K,   0% used [0x25a40000, 0x25a40000, 0x25c90000)
 tenured generation   total 47608K, used 43976K [0x29a90000, 0x2c90e000, 0x34540000)
   the space 47608K,  92% used [0x29a90000, 0x2c5821e0, 0x2c582200, 0x2c90e000)
 compacting perm gen  total 12288K, used 2637K [0x34540000, 0x35140000, 0x38540000)
   the space 12288K,  21% used [0x34540000, 0x347d3448, 0x347d3600, 0x35140000)
    ro space 10240K,  42% used [0x38540000, 0x38984240, 0x38984400, 0x38f40000)
    rw space 12288K,  54% used [0x38f40000, 0x395c4d58, 0x395c4e00, 0x39b40000)

Card table byte_map: [0x004e0000,0x00590000] byte_map_base: 0x003bd600

Polling page: 0x00130000

Code Cache  [0x02480000, 0x02628000, 0x04480000)
 total_blobs=966 nmethods=698 adapters=203 free_code_cache=31090Kb largest_free_block=31836224

Compilation events (10 events):
Event: 150.904 Thread 0x01f4e000  693             com.badlogic.gdx.utils.Array::<init> (7 bytes)
Event: 150.904 Thread 0x01f4e000 nmethod 693 0x026223c8 code [0x026224c0, 0x026225d0]
Event: 158.518 Thread 0x01f4e000  694             java.nio.HeapByteBuffer::put (16 bytes)
Event: 158.519 Thread 0x01f4e000 nmethod 694 0x02622648 code [0x02622750, 0x0262287c]
Event: 159.354 Thread 0x01f4e000  695             java.nio.HeapByteBuffer::putInt (20 bytes)
Event: 159.355 Thread 0x01f4e000 nmethod 695 0x026229c8 code [0x02622ae0, 0x02622be4]
Event: 159.355 Thread 0x01f4e000  696             java.nio.HeapByteBuffer::getInt (18 bytes)
Event: 159.355 Thread 0x01f4e000 nmethod 696 0x02622cc8 code [0x02622e00, 0x02623004]
Event: 159.355 Thread 0x01f4e000  697             java.nio.HeapByteBuffer::get (14 bytes)
Event: 159.355 Thread 0x01f4e000 nmethod 697 0x02623448 code [0x02623550, 0x0262367c]

GC Heap History (10 events):
Event: 147.259 GC heap before
{Heap before GC invocations=107 (full 3):
 def new generation   total 21504K, used 21028K [0x24540000, 0x25c90000, 0x29a90000)
  eden space 19136K,  99% used [0x24540000, 0x257dd968, 0x257f0000)
  from space 2368K,  83% used [0x25a40000, 0x25c2b978, 0x25c90000)
  to   space 2368K,   0% used [0x257f0000, 0x257f0000, 0x25a40000)
 tenured generation   total 47608K, used 39584K [0x29a90000, 0x2c90e000, 0x34540000)
   the space 47608K,  83% used [0x29a90000, 0x2c138308, 0x2c138400, 0x2c90e000)
 compacting perm gen  total 12288K, used 2637K [0x34540000, 0x35140000, 0x38540000)
   the space 12288K,  21% used [0x34540000, 0x347d3448, 0x347d3600, 0x35140000)
    ro space 10240K,  42% used [0x38540000, 0x38984240, 0x38984400, 0x38f40000)
    rw space 12288K,  54% used [0x38f40000, 0x395c4d58, 0x395c4e00, 0x39b40000)
Event: 147.264 GC heap after
Heap after GC invocations=108 (full 3):
 def new generation   total 21504K, used 1991K [0x24540000, 0x25c90000, 0x29a90000)
  eden space 19136K,   0% used [0x24540000, 0x24540000, 0x257f0000)
  from space 2368K,  84% used [0x257f0000, 0x259e1d18, 0x25a40000)
  to   space 2368K,   0% used [0x25a40000, 0x25a40000, 0x25c90000)
 tenured generation   total 47608K, used 40395K [0x29a90000, 0x2c90e000, 0x34540000)
   the space 47608K,  84% used [0x29a90000, 0x2c202db0, 0x2c202e00, 0x2c90e000)
 compacting perm gen  total 12288K, used 2637K [0x34540000, 0x35140000, 0x38540000)
   the space 12288K,  21% used [0x34540000, 0x347d3448, 0x347d3600, 0x35140000)
    ro space 10240K,  42% used [0x38540000, 0x38984240, 0x38984400, 0x38f40000)
    rw space 12288K,  54% used [0x38f40000, 0x395c4d58, 0x395c4e00, 0x39b40000)
}
Event: 150.505 GC heap before
{Heap before GC invocations=108 (full 3):
 def new generation   total 21504K, used 21127K [0x24540000, 0x25c90000, 0x29a90000)
  eden space 19136K, 100% used [0x24540000, 0x257f0000, 0x257f0000)
  from space 2368K,  84% used [0x257f0000, 0x259e1d18, 0x25a40000)
  to   space 2368K,   0% used [0x25a40000, 0x25a40000, 0x25c90000)
 tenured generation   total 47608K, used 40395K [0x29a90000, 0x2c90e000, 0x34540000)
   the space 47608K,  84% used [0x29a90000, 0x2c202db0, 0x2c202e00, 0x2c90e000)
 compacting perm gen  total 12288K, used 2637K [0x34540000, 0x35140000, 0x38540000)
   the space 12288K,  21% used [0x34540000, 0x347d3448, 0x347d3600, 0x35140000)
    ro space 10240K,  42% used [0x38540000, 0x38984240, 0x38984400, 0x38f40000)
    rw space 12288K,  54% used [0x38f40000, 0x395c4d58, 0x395c4e00, 0x39b40000)
Event: 150.510 GC heap after
Heap after GC invocations=109 (full 3):
 def new generation   total 21504K, used 1997K [0x24540000, 0x25c90000, 0x29a90000)
  eden space 19136K,   0% used [0x24540000, 0x24540000, 0x257f0000)
  from space 2368K,  84% used [0x25a40000, 0x25c336b0, 0x25c90000)
  to   space 2368K,   0% used [0x257f0000, 0x257f0000, 0x25a40000)
 tenured generation   total 47608K, used 41281K [0x29a90000, 0x2c90e000, 0x34540000)
   the space 47608K,  86% used [0x29a90000, 0x2c2e0720, 0x2c2e0800, 0x2c90e000)
 compacting perm gen  total 12288K, used 2637K [0x34540000, 0x35140000, 0x38540000)
   the space 12288K,  21% used [0x34540000, 0x347d3448, 0x347d3600, 0x35140000)
    ro space 10240K,  42% used [0x38540000, 0x38984240, 0x38984400, 0x38f40000)
    rw space 12288K,  54% used [0x38f40000, 0x395c4d58, 0x395c4e00, 0x39b40000)
}
Event: 153.604 GC heap before
{Heap before GC invocations=109 (full 3):
 def new generation   total 21504K, used 21077K [0x24540000, 0x25c90000, 0x29a90000)
  eden space 19136K,  99% used [0x24540000, 0x257e2010, 0x257f0000)
  from space 2368K,  84% used [0x25a40000, 0x25c336b0, 0x25c90000)
  to   space 2368K,   0% used [0x257f0000, 0x257f0000, 0x25a40000)
 tenured generation   total 47608K, used 41281K [0x29a90000, 0x2c90e000, 0x34540000)
   the space 47608K,  86% used [0x29a90000, 0x2c2e0720, 0x2c2e0800, 0x2c90e000)
 compacting perm gen  total 12288K, used 2637K [0x34540000, 0x35140000, 0x38540000)
   the space 12288K,  21% used [0x34540000, 0x347d3448, 0x347d3600, 0x35140000)
    ro space 10240K,  42% used [0x38540000, 0x38984240, 0x38984400, 0x38f40000)
    rw space 12288K,  54% used [0x38f40000, 0x395c4d58, 0x395c4e00, 0x39b40000)
Event: 153.609 GC heap after
Heap after GC invocations=110 (full 3):
 def new generation   total 21504K, used 1996K [0x24540000, 0x25c90000, 0x29a90000)
  eden space 19136K,   0% used [0x24540000, 0x24540000, 0x257f0000)
  from space 2368K,  84% used [0x257f0000, 0x259e3200, 0x25a40000)
  to   space 2368K,   0% used [0x25a40000, 0x25a40000, 0x25c90000)
 tenured generation   total 47608K, used 42123K [0x29a90000, 0x2c90e000, 0x34540000)
   the space 47608K,  88% used [0x29a90000, 0x2c3b2f00, 0x2c3b3000, 0x2c90e000)
 compacting perm gen  total 12288K, used 2637K [0x34540000, 0x35140000, 0x38540000)
   the space 12288K,  21% used [0x34540000, 0x347d3448, 0x347d3600, 0x35140000)
    ro space 10240K,  42% used [0x38540000, 0x38984240, 0x38984400, 0x38f40000)
    rw space 12288K,  54% used [0x38f40000, 0x395c4d58, 0x395c4e00, 0x39b40000)
}
Event: 156.850 GC heap before
{Heap before GC invocations=110 (full 3):
 def new generation   total 21504K, used 21132K [0x24540000, 0x25c90000, 0x29a90000)
  eden space 19136K, 100% used [0x24540000, 0x257f0000, 0x257f0000)
  from space 2368K,  84% used [0x257f0000, 0x259e3200, 0x25a40000)
  to   space 2368K,   0% used [0x25a40000, 0x25a40000, 0x25c90000)
 tenured generation   total 47608K, used 42123K [0x29a90000, 0x2c90e000, 0x34540000)
   the space 47608K,  88% used [0x29a90000, 0x2c3b2f00, 0x2c3b3000, 0x2c90e000)
 compacting perm gen  total 12288K, used 2637K [0x34540000, 0x35140000, 0x38540000)
   the space 12288K,  21% used [0x34540000, 0x347d3448, 0x347d3600, 0x35140000)
    ro space 10240K,  42% used [0x38540000, 0x38984240, 0x38984400, 0x38f40000)
    rw space 12288K,  54% used [0x38f40000, 0x395c4d58, 0x395c4e00, 0x39b40000)
Event: 156.856 GC heap after
Heap after GC invocations=111 (full 3):
 def new generation   total 21504K, used 2002K [0x24540000, 0x25c90000, 0x29a90000)
  eden space 19136K,   0% used [0x24540000, 0x24540000, 0x257f0000)
  from space 2368K,  84% used [0x25a40000, 0x25c34898, 0x25c90000)
  to   space 2368K,   0% used [0x257f0000, 0x257f0000, 0x25a40000)
 tenured generation   total 47608K, used 43010K [0x29a90000, 0x2c90e000, 0x34540000)
   the space 47608K,  90% used [0x29a90000, 0x2c490870, 0x2c490a00, 0x2c90e000)
 compacting perm gen  total 12288K, used 2637K [0x34540000, 0x35140000, 0x38540000)
   the space 12288K,  21% used [0x34540000, 0x347d3448, 0x347d3600, 0x35140000)
    ro space 10240K,  42% used [0x38540000, 0x38984240, 0x38984400, 0x38f40000)
    rw space 12288K,  54% used [0x38f40000, 0x395c4d58, 0x395c4e00, 0x39b40000)
}
Event: 160.063 GC heap before
{Heap before GC invocations=111 (full 3):
 def new generation   total 21504K, used 21102K [0x24540000, 0x25c90000, 0x29a90000)
  eden space 19136K,  99% used [0x24540000, 0x257e7340, 0x257f0000)
  from space 2368K,  84% used [0x25a40000, 0x25c34898, 0x25c90000)
  to   space 2368K,   0% used [0x257f0000, 0x257f0000, 0x25a40000)
 tenured generation   total 47608K, used 43010K [0x29a90000, 0x2c90e000, 0x34540000)
   the space 47608K,  90% used [0x29a90000, 0x2c490870, 0x2c490a00, 0x2c90e000)
 compacting perm gen  total 12288K, used 2637K [0x34540000, 0x35140000, 0x38540000)
   the space 12288K,  21% used [0x34540000, 0x347d3448, 0x347d3600, 0x35140000)
    ro space 10240K,  42% used [0x38540000, 0x38984240, 0x38984400, 0x38f40000)
    rw space 12288K,  54% used [0x38f40000, 0x395c4d58, 0x395c4e00, 0x39b40000)
Event: 160.068 GC heap after
Heap after GC invocations=112 (full 3):
 def new generation   total 21504K, used 1911K [0x24540000, 0x25c90000, 0x29a90000)
  eden space 19136K,   0% used [0x24540000, 0x24540000, 0x257f0000)
  from space 2368K,  80% used [0x257f0000, 0x259cdec8, 0x25a40000)
  to   space 2368K,   0% used [0x25a40000, 0x25a40000, 0x25c90000)
 tenured generation   total 47608K, used 43976K [0x29a90000, 0x2c90e000, 0x34540000)
   the space 47608K,  92% used [0x29a90000, 0x2c5821e0, 0x2c582200, 0x2c90e000)
 compacting perm gen  total 12288K, used 2637K [0x34540000, 0x35140000, 0x38540000)
   the space 12288K,  21% used [0x34540000, 0x347d3448, 0x347d3600, 0x35140000)
    ro space 10240K,  42% used [0x38540000, 0x38984240, 0x38984400, 0x38f40000)
    rw space 12288K,  54% used [0x38f40000, 0x395c4d58, 0x395c4e00, 0x39b40000)
}

Deoptimization events (0 events):
No events

Internal exceptions (10 events):
Event: 0.732 Thread 0x04c37400 Threw 0x2489f790 at C:\jdk7u2_32P\jdk7u25\hotspot\src\share\vm\prims\jvm.cpp:1235
Event: 0.733 Thread 0x04c37400 Threw 0x248bd6b8 at C:\jdk7u2_32P\jdk7u25\hotspot\src\share\vm\prims\jvm.cpp:1235
Event: 60.426 Thread 0x04c37400 Threw 0x248e3b20 at C:\jdk7u2_32P\jdk7u25\hotspot\src\share\vm\prims\jvm.cpp:1235
Event: 60.427 Thread 0x04c37400 Threw 0x248fdee0 at C:\jdk7u2_32P\jdk7u25\hotspot\src\share\vm\prims\jvm.cpp:1235
Event: 60.428 Thread 0x04c37400 Threw 0x24902b88 at C:\jdk7u2_32P\jdk7u25\hotspot\src\share\vm\prims\jvm.cpp:1235
Event: 60.428 Thread 0x04c37400 Threw 0x249062d0 at C:\jdk7u2_32P\jdk7u25\hotspot\src\share\vm\prims\jvm.cpp:1235
Event: 60.429 Thread 0x04c37400 Threw 0x2490de10 at C:\jdk7u2_32P\jdk7u25\hotspot\src\share\vm\prims\jvm.cpp:1235
Event: 60.430 Thread 0x04c37400 Threw 0x24912ac0 at C:\jdk7u2_32P\jdk7u25\hotspot\src\share\vm\prims\jvm.cpp:1235
Event: 60.431 Thread 0x04c37400 Threw 0x249170c0 at C:\jdk7u2_32P\jdk7u25\hotspot\src\share\vm\prims\jvm.cpp:1235
Event: 60.433 Thread 0x04c37400 Threw 0x2492a540 at C:\jdk7u2_32P\jdk7u25\hotspot\src\share\vm\prims\jvm.cpp:1235

Events (10 events):
Event: 153.604 Executing VM operation: GenCollectForAllocation
Event: 153.609 Executing VM operation: GenCollectForAllocation done
Event: 153.610 Executing VM operation: RevokeBias
Event: 153.610 Executing VM operation: RevokeBias done
Event: 153.610 Executing VM operation: RevokeBias
Event: 153.610 Executing VM operation: RevokeBias done
Event: 156.850 Executing VM operation: GenCollectForAllocation
Event: 156.856 Executing VM operation: GenCollectForAllocation done
Event: 160.063 Executing VM operation: GenCollectForAllocation
Event: 160.068 Executing VM operation: GenCollectForAllocation done


Dynamic libraries:
0x00250000 - 0x0027f000 	C:\Program Files (x86)\Java\jre7\bin\javaw.exe
0x77740000 - 0x778c0000 	C:\Windows\SysWOW64\ntdll.dll
0x76b80000 - 0x76c90000 	C:\Windows\syswow64\kernel32.dll
0x75740000 - 0x75787000 	C:\Windows\syswow64\KERNELBASE.dll
0x75950000 - 0x759f0000 	C:\Windows\syswow64\ADVAPI32.dll
0x75bf0000 - 0x75c9c000 	C:\Windows\syswow64\msvcrt.dll
0x75d30000 - 0x75d49000 	C:\Windows\SysWOW64\sechost.dll
0x76f60000 - 0x77050000 	C:\Windows\syswow64\RPCRT4.dll
0x75190000 - 0x751f0000 	C:\Windows\syswow64\SspiCli.dll
0x75180000 - 0x7518c000 	C:\Windows\syswow64\CRYPTBASE.dll
0x75e20000 - 0x75f20000 	C:\Windows\syswow64\USER32.dll
0x751f0000 - 0x75280000 	C:\Windows\syswow64\GDI32.dll
0x76b70000 - 0x76b7a000 	C:\Windows\syswow64\LPK.dll
0x77270000 - 0x7730d000 	C:\Windows\syswow64\USP10.dll
0x747f0000 - 0x7498e000 	C:\Windows\WinSxS\x86_microsoft.windows.common-controls_6595b64144ccf1df_6.0.7601.17514_none_41e6975e2bd6f2b2\COMCTL32.dll
0x76c90000 - 0x76ce7000 	C:\Windows\syswow64\SHLWAPI.dll
0x754f0000 - 0x75550000 	C:\Windows\system32\IMM32.DLL
0x75d50000 - 0x75e1c000 	C:\Windows\syswow64\MSCTF.dll
0x626e0000 - 0x6279e000 	C:\Program Files (x86)\Java\jre7\bin\msvcr100.dll
0x62d30000 - 0x63072000 	C:\Program Files (x86)\Java\jre7\bin\client\jvm.dll
0x74a50000 - 0x74a57000 	C:\Windows\system32\WSOCK32.dll
0x759f0000 - 0x75a25000 	C:\Windows\syswow64\WS2_32.dll
0x752d0000 - 0x752d6000 	C:\Windows\syswow64\NSI.dll
0x749b0000 - 0x749e2000 	C:\Windows\system32\WINMM.dll
0x752c0000 - 0x752c5000 	C:\Windows\syswow64\PSAPI.DLL
0x71fc0000 - 0x71fcc000 	C:\Program Files (x86)\Java\jre7\bin\verify.dll
0x71e40000 - 0x71e60000 	C:\Program Files (x86)\Java\jre7\bin\java.dll
0x71e20000 - 0x71e33000 	C:\Program Files (x86)\Java\jre7\bin\zip.dll
0x6cec0000 - 0x6cf45000 	C:\Users\wangken14\AppData\Local\Temp\libgdxwangken14\58c7c342\gdx.dll
0x74010000 - 0x74026000 	C:\Windows\system32\CRYPTSP.dll
0x73fa0000 - 0x73fdb000 	C:\Windows\system32\rsaenh.dll
0x71750000 - 0x71767000 	C:\Windows\system32\USERENV.dll
0x73d50000 - 0x73d5b000 	C:\Windows\system32\profapi.dll
0x71e00000 - 0x71e14000 	C:\Program Files (x86)\Java\jre7\bin\net.dll
0x74a00000 - 0x74a3c000 	C:\Windows\system32\mswsock.dll
0x71a50000 - 0x71a56000 	C:\Windows\System32\wship6.dll
0x71b70000 - 0x71b80000 	C:\Windows\system32\NLAapi.dll
0x71b60000 - 0x71b70000 	C:\Windows\system32\napinsp.dll
0x71b40000 - 0x71b52000 	C:\Windows\system32\pnrpnsp.dll
0x73d70000 - 0x73db4000 	C:\Windows\system32\DNSAPI.dll
0x71b30000 - 0x71b38000 	C:\Windows\System32\winrnr.dll
0x71b00000 - 0x71b27000 	C:\Program Files (x86)\Common Files\Microsoft Shared\Windows Live\WLIDNSP.DLL
0x749f0000 - 0x749f5000 	C:\Windows\System32\wshtcpip.dll
0x71a30000 - 0x71a4c000 	C:\Windows\system32\IPHLPAPI.DLL
0x71a20000 - 0x71a27000 	C:\Windows\system32\WINNSI.DLL
0x719d0000 - 0x719d6000 	C:\Windows\system32\rasadhlp.dll
0x719e0000 - 0x71a18000 	C:\Windows\System32\fwpuclnt.dll
0x71df0000 - 0x71dff000 	C:\Program Files (x86)\Java\jre7\bin\nio.dll
0x10000000 - 0x1004d000 	C:\Users\wangken14\AppData\Local\Temp\libgdxwangken14\dd4c9aff\lwjgl.dll
0x620e0000 - 0x621a8000 	C:\Windows\system32\OPENGL32.dll
0x6bc30000 - 0x6bc52000 	C:\Windows\system32\GLU32.dll
0x60420000 - 0x60507000 	C:\Windows\system32\DDRAW.dll
0x71ae0000 - 0x71ae6000 	C:\Windows\system32\DCIMAN32.dll
0x76d70000 - 0x76f0d000 	C:\Windows\syswow64\SETUPAPI.dll
0x77310000 - 0x77337000 	C:\Windows\syswow64\CFGMGR32.dll
0x75580000 - 0x7560f000 	C:\Windows\syswow64\OLEAUT32.dll
0x75a90000 - 0x75bec000 	C:\Windows\syswow64\ole32.dll
0x752a0000 - 0x752b2000 	C:\Windows\syswow64\DEVOBJ.dll
0x71b80000 - 0x71b93000 	C:\Windows\system32\dwmapi.dll
0x74a40000 - 0x74a49000 	C:\Windows\system32\VERSION.dll
0x04a50000 - 0x04ab5000 	C:\Users\WANGKE~1\AppData\Local\Temp\libgdxwangken14\dd4c9aff\OpenAL32.dll
0x75f20000 - 0x76b6a000 	C:\Windows\syswow64\SHELL32.dll
0x71bb0000 - 0x71c30000 	C:\Windows\system32\uxtheme.dll
0x75400000 - 0x75483000 	C:\Windows\syswow64\CLBCatQ.DLL
0x74250000 - 0x74345000 	C:\Windows\System32\PROPSYS.dll
0x76f30000 - 0x76f5e000 	C:\Windows\syswow64\WINTRUST.dll
0x752e0000 - 0x75400000 	C:\Windows\syswow64\CRYPT32.dll
0x77250000 - 0x7725c000 	C:\Windows\syswow64\MSASN1.dll
0x67c70000 - 0x67ce2000 	C:\Windows\system32\dsound.dll
0x66370000 - 0x66395000 	C:\Windows\system32\POWRPROF.dll
0x71ba0000 - 0x71bb0000 	C:\Windows\system32\LSKHOOK.DLL
0x74350000 - 0x74389000 	C:\Windows\System32\MMDevApi.dll
0x74210000 - 0x74246000 	C:\Windows\system32\AUDIOSES.DLL
0x06520000 - 0x0719a000 	C:\Windows\system32\ig7icd32.dll
0x718c0000 - 0x71939000 	C:\Windows\system32\mscms.dll
0x66330000 - 0x66368000 	C:\Windows\system32\icm32.dll
0x6c140000 - 0x6c1d9000 	C:\Users\wangken14\AppData\Local\Temp\libgdxwangken14\a8384358\gdx-freetype.dll
0x737f0000 - 0x738db000 	C:\Windows\system32\dbghelp.dll

VM Arguments:
jvm_args: -Dfile.encoding=Cp1252 
java_command: com.kenneth.whp2.Main
Launcher Type: SUN_STANDARD

Environment Variables:
CLASSPATH=.;C:\Program Files (x86)\Java\jre7\lib\ext\QTJava.zip
PATH=C:/Program Files (x86)/Java/jre7/bin/client;C:/Program Files (x86)/Java/jre7/bin;C:/Program Files (x86)/Java/jre7/lib/i386;C:\Program Files\Common Files\Microsoft Shared\Windows Live;C:\Program Files (x86)\Common Files\Microsoft Shared\Windows Live;c:\Program Files (x86)\AMD APP\bin\x86_64;c:\Program Files (x86)\AMD APP\bin\x86;C:\Windows\system32;C:\Windows;C:\Windows\System32\Wbem;C:\Windows\System32\WindowsPowerShell\v1.0\;c:\Program Files (x86)\ATI Technologies\ATI.ACE\Core-Static;C:\Program Files (x86)\Windows Live\Shared;C:\Program Files (x86)\QuickTime\QTSystem\;C:\Program Files\Microsoft SQL Server\110\Tools\Binn\;C:\Users\wangken14\Desktop\adt-bundle-windows-x86-20130729\eclipse;
USERNAME=wangken14
OS=Windows_NT
PROCESSOR_IDENTIFIER=Intel64 Family 6 Model 58 Stepping 9, GenuineIntel



---------------  S Y S T E M  ---------------

OS: Windows 7 , 64 bit Build 7601 Service Pack 1

CPU:total 4 (4 cores per cpu, 1 threads per core) family 6 model 58 stepping 9, cmov, cx8, fxsr, mmx, sse, sse2, sse3, ssse3, sse4.1, sse4.2, popcnt, avx, tsc, tscinvbit, tscinv

Memory: 4k page, physical 8272336k(5114908k free), swap 16542812k(12475936k free)

vm_info: Java HotSpot(TM) Client VM (23.25-b01) for windows-x86 JRE (1.7.0_25-b16), built on Jun 12 2013 20:29:09 by "java_re" with unknown MS VC++:1600

time: Tue Mar 18 10:30:07 2014
elapsed time: 162 seconds

