#
# A fatal error has been detected by the Java Runtime Environment:
#
#  EXCEPTION_ACCESS_VIOLATION (0xc0000005) at pc=0x000000005aa4dd2d, pid=8564, tid=8680
#
# JRE version: 7.0_05-b05
# Java VM: Java HotSpot(TM) 64-Bit Server VM (23.1-b03 mixed mode windows-amd64 compressed oops)
# Problematic frame:
# C  [atio6axx.dll+0x121dd2d]  DrvPresentBuffers+0x11d9a9d
#
# Failed to write core dump. Minidumps are not enabled by default on client versions of Windows
#
# If you would like to submit a bug report, please visit:
#   http://bugreport.sun.com/bugreport/crash.jsp
# The crash happened outside the Java Virtual Machine in native code.
# See problematic frame for where to report the bug.
#

---------------  T H R E A D  ---------------

Current thread (0x000000000d622800):  JavaThread "LWJGL Application" [_thread_in_native, id=8680, stack(0x000000000f3f0000,0x000000000f4f0000)]

siginfo: ExceptionCode=0xc0000005, writing address 0x0000000000000000

Registers:
RAX=0x00000000be80047e, RBX=0x0000000000000000, RCX=0x0000000000000020, RDX=0x000000002f7afe7c
RSP=0x000000000f4ee128, RBP=0x000000002f7aee90, RSI=0x000000001746e5a0, RDI=0x000000000f4ee5e0
R8 =0x0000000000000070, R9 =0x0000000000000003, R10=0x00000000befc0310, R11=0x0000000000000000
R12=0x0000000000000000, R13=0x000000000ff98640, R14=0x0000000000000000, R15=0x0000000000000004
RIP=0x000000005aa4dd2d, EFLAGS=0x0000000000010202

Top of Stack: (sp=0x000000000f4ee128)
0x000000000f4ee128:   000000005a9c76b0 0000000000000000
0x000000000f4ee138:   00000000173c4160 000000000000105c
0x000000000f4ee148:   00000000173c4160 000000000f4ee250
0x000000000f4ee158:   000000005aa4d33c 00000062000014b9
0x000000000f4ee168:   0000000000000000 0000000000000001
0x000000000f4ee178:   000000005a35e386 0000000000000000
0x000000000f4ee188:   000000005a388e34 000000000f4ee600
0x000000000f4ee198:   000000000f4ee290 00000000173c4160
0x000000000f4ee1a8:   0000000000009185 00000000173c45f8
0x000000000f4ee1b8:   000000000f4ee3a0 0000000000000000
0x000000000f4ee1c8:   000000000ff9a480 000000002f7ad7b0
0x000000000f4ee1d8:   000000002f7aee83 0000000000000000
0x000000000f4ee1e8:   0000000000000000 00000000172823b0
0x000000000f4ee1f8:   000000000000000b 000000000000000b
0x000000000f4ee208:   0000000000000000 63010101464c457f
0x000000000f4ee218:   0000000000000001 0000000100080002 

Instructions: (pc=0x000000005aa4dd2d)
0x000000005aa4dd0d:   00 00 00 66 66 66 90 66 66 90 49 81 f9 00 20 00
0x000000005aa4dd1d:   00 73 42 48 8b 04 0a 4c 8b 54 0a 08 48 83 c1 20
0x000000005aa4dd2d:   48 89 41 e0 4c 89 51 e8 48 8b 44 0a f0 4c 8b 54
0x000000005aa4dd3d:   0a f8 49 ff c9 48 89 41 f0 4c 89 51 f8 75 d4 49 


Register to memory mapping:

RAX=0x00000000be80047e is an unknown value
RBX=0x0000000000000000 is an unknown value
RCX=0x0000000000000020 is an unknown value
RDX=0x000000002f7afe7c is an unknown value
RSP=0x000000000f4ee128 is pointing into the stack for thread: 0x000000000d622800
RBP=0x000000002f7aee90 is an unknown value
RSI=0x000000001746e5a0 is an unknown value
RDI=0x000000000f4ee5e0 is pointing into the stack for thread: 0x000000000d622800
R8 =0x0000000000000070 is an unknown value
R9 =0x0000000000000003 is an unknown value
R10=0x00000000befc0310 is an unknown value
R11=0x0000000000000000 is an unknown value
R12=0x0000000000000000 is an unknown value
R13=0x000000000ff98640 is an unknown value
R14=0x0000000000000000 is an unknown value
R15=0x0000000000000004 is an unknown value


Stack: [0x000000000f3f0000,0x000000000f4f0000],  sp=0x000000000f4ee128,  free space=1016k
Native frames: (J=compiled Java code, j=interpreted, Vv=VM code, C=native code)
C  [atio6axx.dll+0x121dd2d]  DrvPresentBuffers+0x11d9a9d

Java frames: (J=compiled Java code, j=interpreted, Vv=VM code)
j  org.lwjgl.opengl.GL20.nglGetProgramiv(IIJJ)V+0
j  org.lwjgl.opengl.GL20.glGetProgram(IILjava/nio/IntBuffer;)V+27
j  com.badlogic.gdx.backends.lwjgl.LwjglGL20.glGetProgramiv(IILjava/nio/IntBuffer;)V+3
j  com.badlogic.gdx.graphics.glutils.ShaderProgram.linkProgram()I+76
j  com.badlogic.gdx.graphics.glutils.ShaderProgram.compileShaders(Ljava/lang/String;Ljava/lang/String;)V+46
j  com.badlogic.gdx.graphics.glutils.ShaderProgram.<init>(Ljava/lang/String;Ljava/lang/String;)V+162
j  com.badlogic.gdx.graphics.g2d.SpriteBatch.createDefaultShader()Lcom/badlogic/gdx/graphics/glutils/ShaderProgram;+12
J  com.badlogic.gdx.graphics.g2d.SpriteBatch.<init>(IILcom/badlogic/gdx/graphics/glutils/ShaderProgram;)V
j  com.badlogic.gdx.graphics.g2d.SpriteBatch.<init>()V+6
j  com.badlogic.gdx.scenes.scene2d.Stage.<init>(FFZLcom/badlogic/gdx/graphics/g2d/Batch;)V+90
j  com.badlogic.gdx.scenes.scene2d.Stage.<init>()V+21
j  com.kenneth.whp2.screens.PlayScreen.<init>()V+9
j  com.kenneth.whp2.actors.wrap.EditorWrap.tap(FFII)Z+113
j  com.badlogic.gdx.input.GestureDetector.touchUp(FFII)Z+180
j  com.badlogic.gdx.input.GestureDetector.touchUp(IIII)Z+8
j  com.badlogic.gdx.backends.lwjgl.LwjglInput.processEvents()V+283
J  com.badlogic.gdx.backends.lwjgl.LwjglApplication.mainLoop()V
j  com.badlogic.gdx.backends.lwjgl.LwjglApplication$1.run()V+27
v  ~StubRoutines::call_stub

---------------  P R O C E S S  ---------------

Java Threads: ( => current thread )
  0x0000000015848800 JavaThread "Timer" [_thread_blocked, id=9140, stack(0x0000000028fd0000,0x00000000290d0000)]
  0x0000000012717800 JavaThread "D3D Screen Updater" daemon [_thread_blocked, id=8208, stack(0x00000000271d0000,0x00000000272d0000)]
  0x000000000d598000 JavaThread "TimerQueue" daemon [_thread_blocked, id=8416, stack(0x0000000026990000,0x0000000026a90000)]
  0x0000000024d4f800 JavaThread "AWT-Windows" daemon [_thread_in_native, id=8428, stack(0x0000000010750000,0x0000000010850000)]
  0x000000000d62a800 JavaThread "Java2D Disposer" daemon [_thread_blocked, id=3768, stack(0x0000000010200000,0x0000000010300000)]
  0x000000000d604800 JavaThread "LWJGL Timer" daemon [_thread_blocked, id=6120, stack(0x0000000013660000,0x0000000013760000)]
  0x00000000022dd000 JavaThread "DestroyJavaVM" [_thread_blocked, id=6968, stack(0x0000000002170000,0x0000000002270000)]
=>0x000000000d622800 JavaThread "LWJGL Application" [_thread_in_native, id=8680, stack(0x000000000f3f0000,0x000000000f4f0000)]
  0x000000000b7b0800 JavaThread "Service Thread" daemon [_thread_blocked, id=6644, stack(0x000000000d1c0000,0x000000000d2c0000)]
  0x000000000b7af000 JavaThread "C2 CompilerThread1" daemon [_thread_blocked, id=7124, stack(0x000000000d080000,0x000000000d180000)]
  0x000000000b7ad000 JavaThread "C2 CompilerThread0" daemon [_thread_blocked, id=8272, stack(0x000000000cf60000,0x000000000d060000)]
  0x000000000b7a9000 JavaThread "Attach Listener" daemon [_thread_blocked, id=3132, stack(0x000000000ce40000,0x000000000cf40000)]
  0x000000000b7a2000 JavaThread "Signal Dispatcher" daemon [_thread_blocked, id=7180, stack(0x000000000cd10000,0x000000000ce10000)]
  0x0000000001d09000 JavaThread "Finalizer" daemon [_thread_blocked, id=8108, stack(0x000000000cb20000,0x000000000cc20000)]
  0x0000000001d02800 JavaThread "Reference Handler" daemon [_thread_blocked, id=1220, stack(0x000000000c940000,0x000000000ca40000)]

Other Threads:
  0x000000000b722800 VMThread [stack: 0x000000000c7e0000,0x000000000c8e0000] [id=736]
  0x000000000b7c3800 WatcherThread [stack: 0x000000000d380000,0x000000000d480000] [id=8304]

VM state:not at safepoint (normal execution)

VM Mutex/Monitor currently owned by a thread: None

Heap
 PSYoungGen      total 7168K, used 1654K [0x00000000d5e00000, 0x00000000d6540000, 0x0000000000000000)
  eden space 6912K, 21% used [0x00000000d5e00000,0x00000000d5f6d810,0x00000000d64c0000)
  from space 256K, 75% used [0x00000000d64c0000,0x00000000d64f0000,0x00000000d6500000)
  to   space 256K, 0% used [0x00000000d6500000,0x00000000d6500000,0x00000000d6540000)
 ParOldGen       total 86272K, used 49096K [0x0000000081a00000, 0x0000000086e40000, 0x00000000d5e00000)
  object space 86272K, 56% used [0x0000000081a00000,0x00000000849f2238,0x0000000086e40000)
 PSPermGen       total 21248K, used 15385K [0x000000007c800000, 0x000000007dcc0000, 0x0000000081a00000)
  object space 21248K, 72% used [0x000000007c800000,0x000000007d706468,0x000000007dcc0000)

Code Cache  [0x0000000002510000, 0x0000000002780000, 0x0000000005510000)
 total_blobs=1106 nmethods=513 adapters=544 free_code_cache=47119Kb largest_free_block=48154112

Compilation events (10 events):
Event: 123.129 Thread 0x000000000b7af000  518             com.badlogic.gdx.backends.lwjgl.LwjglGL20::glDepthMask (5 bytes)
Event: 123.130 Thread 0x000000000b7af000 nmethod 518 0x00000000026e1a50 code [0x00000000026e1ba0, 0x00000000026e1ca8]
Event: 124.782 Thread 0x000000000b7ad000  520   !         java.lang.ref.Finalizer::runFinalizer (59 bytes)
Event: 124.782 Thread 0x000000000b7af000  521   !         java.lang.ref.Finalizer::remove (94 bytes)
Event: 124.783 Thread 0x000000000b7af000 nmethod 521 0x00000000026e9cd0 code [0x00000000026e9e20, 0x00000000026ea138]
Event: 124.784 Thread 0x000000000b7ad000 nmethod 520 0x00000000026eb2d0 code [0x00000000026eb440, 0x00000000026eb9e8]
Event: 126.314 Thread 0x000000000b7af000  522             com.badlogic.gdx.scenes.scene2d.Actor::parentToLocalCoordinates (228 bytes)
Event: 126.315 Thread 0x000000000b7af000 nmethod 522 0x00000000026ecb90 code [0x00000000026ecd20, 0x00000000026ed038]
Event: 244.797 Thread 0x000000000b7ad000   14 % !         com.badlogic.gdx.backends.lwjgl.LwjglApplication::mainLoop @ 94 (820 bytes)
Event: 244.939 Thread 0x000000000b7ad000 nmethod 14% 0x000000000270c350 code [0x000000000270cfe0, 0x00000000027164d8]

GC Heap History (10 events):
Event: 554.834 GC heap before
{Heap before GC invocations=741 (full 0):
 PSYoungGen      total 7168K, used 7072K [0x00000000d5e00000, 0x00000000d6540000, 0x0000000000000000)
  eden space 6912K, 100% used [0x00000000d5e00000,0x00000000d64c0000,0x00000000d64c0000)
  from space 256K, 62% used [0x00000000d6500000,0x00000000d6528000,0x00000000d6540000)
  to   space 256K, 0% used [0x00000000d64c0000,0x00000000d64c0000,0x00000000d6500000)
 ParOldGen       total 86272K, used 48824K [0x0000000081a00000, 0x0000000086e40000, 0x00000000d5e00000)
  object space 86272K, 56% used [0x0000000081a00000,0x00000000849ae238,0x0000000086e40000)
 PSPermGen       total 21248K, used 15384K [0x000000007c800000, 0x000000007dcc0000, 0x0000000081a00000)
  object space 21248K, 72% used [0x000000007c800000,0x000000007d706208,0x000000007dcc0000)
Event: 554.835 GC heap after
Heap after GC invocations=741 (full 0):
 PSYoungGen      total 7168K, used 192K [0x00000000d5e00000, 0x00000000d6540000, 0x0000000000000000)
  eden space 6912K, 0% used [0x00000000d5e00000,0x00000000d5e00000,0x00000000d64c0000)
  from space 256K, 75% used [0x00000000d64c0000,0x00000000d64f0000,0x00000000d6500000)
  to   space 256K, 0% used [0x00000000d6500000,0x00000000d6500000,0x00000000d6540000)
 ParOldGen       total 86272K, used 48880K [0x0000000081a00000, 0x0000000086e40000, 0x00000000d5e00000)
  object space 86272K, 56% used [0x0000000081a00000,0x00000000849bc238,0x0000000086e40000)
 PSPermGen       total 21248K, used 15384K [0x000000007c800000, 0x000000007dcc0000, 0x0000000081a00000)
  object space 21248K, 72% used [0x000000007c800000,0x000000007d706208,0x000000007dcc0000)
}
Event: 555.433 GC heap before
{Heap before GC invocations=742 (full 0):
 PSYoungGen      total 7168K, used 7100K [0x00000000d5e00000, 0x00000000d6540000, 0x0000000000000000)
  eden space 6912K, 99% used [0x00000000d5e00000,0x00000000d64bf330,0x00000000d64c0000)
  from space 256K, 75% used [0x00000000d64c0000,0x00000000d64f0000,0x00000000d6500000)
  to   space 256K, 0% used [0x00000000d6500000,0x00000000d6500000,0x00000000d6540000)
 ParOldGen       total 86272K, used 48880K [0x0000000081a00000, 0x0000000086e40000, 0x00000000d5e00000)
  object space 86272K, 56% used [0x0000000081a00000,0x00000000849bc238,0x0000000086e40000)
 PSPermGen       total 21248K, used 15384K [0x000000007c800000, 0x000000007dcc0000, 0x0000000081a00000)
  object space 21248K, 72% used [0x000000007c800000,0x000000007d706208,0x000000007dcc0000)
Event: 555.434 GC heap after
Heap after GC invocations=742 (full 0):
 PSYoungGen      total 7168K, used 192K [0x00000000d5e00000, 0x00000000d6540000, 0x0000000000000000)
  eden space 6912K, 0% used [0x00000000d5e00000,0x00000000d5e00000,0x00000000d64c0000)
  from space 256K, 75% used [0x00000000d6500000,0x00000000d6530000,0x00000000d6540000)
  to   space 256K, 0% used [0x00000000d64c0000,0x00000000d64c0000,0x00000000d6500000)
 ParOldGen       total 86272K, used 48944K [0x0000000081a00000, 0x0000000086e40000, 0x00000000d5e00000)
  object space 86272K, 56% used [0x0000000081a00000,0x00000000849cc238,0x0000000086e40000)
 PSPermGen       total 21248K, used 15384K [0x000000007c800000, 0x000000007dcc0000, 0x0000000081a00000)
  object space 21248K, 72% used [0x000000007c800000,0x000000007d706208,0x000000007dcc0000)
}
Event: 556.050 GC heap before
{Heap before GC invocations=743 (full 0):
 PSYoungGen      total 7168K, used 7104K [0x00000000d5e00000, 0x00000000d6540000, 0x0000000000000000)
  eden space 6912K, 100% used [0x00000000d5e00000,0x00000000d64c0000,0x00000000d64c0000)
  from space 256K, 75% used [0x00000000d6500000,0x00000000d6530000,0x00000000d6540000)
  to   space 256K, 0% used [0x00000000d64c0000,0x00000000d64c0000,0x00000000d6500000)
 ParOldGen       total 86272K, used 48944K [0x0000000081a00000, 0x0000000086e40000, 0x00000000d5e00000)
  object space 86272K, 56% used [0x0000000081a00000,0x00000000849cc238,0x0000000086e40000)
 PSPermGen       total 21248K, used 15384K [0x000000007c800000, 0x000000007dcc0000, 0x0000000081a00000)
  object space 21248K, 72% used [0x000000007c800000,0x000000007d706208,0x000000007dcc0000)
Event: 556.051 GC heap after
Heap after GC invocations=743 (full 0):
 PSYoungGen      total 7168K, used 160K [0x00000000d5e00000, 0x00000000d6540000, 0x0000000000000000)
  eden space 6912K, 0% used [0x00000000d5e00000,0x00000000d5e00000,0x00000000d64c0000)
  from space 256K, 62% used [0x00000000d64c0000,0x00000000d64e8000,0x00000000d6500000)
  to   space 256K, 0% used [0x00000000d6500000,0x00000000d6500000,0x00000000d6540000)
 ParOldGen       total 86272K, used 48992K [0x0000000081a00000, 0x0000000086e40000, 0x00000000d5e00000)
  object space 86272K, 56% used [0x0000000081a00000,0x00000000849d8238,0x0000000086e40000)
 PSPermGen       total 21248K, used 15384K [0x000000007c800000, 0x000000007dcc0000, 0x0000000081a00000)
  object space 21248K, 72% used [0x000000007c800000,0x000000007d706208,0x000000007dcc0000)
}
Event: 556.649 GC heap before
{Heap before GC invocations=744 (full 0):
 PSYoungGen      total 7168K, used 7072K [0x00000000d5e00000, 0x00000000d6540000, 0x0000000000000000)
  eden space 6912K, 100% used [0x00000000d5e00000,0x00000000d64c0000,0x00000000d64c0000)
  from space 256K, 62% used [0x00000000d64c0000,0x00000000d64e8000,0x00000000d6500000)
  to   space 256K, 0% used [0x00000000d6500000,0x00000000d6500000,0x00000000d6540000)
 ParOldGen       total 86272K, used 48992K [0x0000000081a00000, 0x0000000086e40000, 0x00000000d5e00000)
  object space 86272K, 56% used [0x0000000081a00000,0x00000000849d8238,0x0000000086e40000)
 PSPermGen       total 21248K, used 15384K [0x000000007c800000, 0x000000007dcc0000, 0x0000000081a00000)
  object space 21248K, 72% used [0x000000007c800000,0x000000007d706208,0x000000007dcc0000)
Event: 556.651 GC heap after
Heap after GC invocations=744 (full 0):
 PSYoungGen      total 7168K, used 160K [0x00000000d5e00000, 0x00000000d6540000, 0x0000000000000000)
  eden space 6912K, 0% used [0x00000000d5e00000,0x00000000d5e00000,0x00000000d64c0000)
  from space 256K, 62% used [0x00000000d6500000,0x00000000d6528000,0x00000000d6540000)
  to   space 256K, 0% used [0x00000000d64c0000,0x00000000d64c0000,0x00000000d6500000)
 ParOldGen       total 86272K, used 49048K [0x0000000081a00000, 0x0000000086e40000, 0x00000000d5e00000)
  object space 86272K, 56% used [0x0000000081a00000,0x00000000849e6238,0x0000000086e40000)
 PSPermGen       total 21248K, used 15384K [0x000000007c800000, 0x000000007dcc0000, 0x0000000081a00000)
  object space 21248K, 72% used [0x000000007c800000,0x000000007d706208,0x000000007dcc0000)
}
Event: 628.731 GC heap before
{Heap before GC invocations=745 (full 0):
 PSYoungGen      total 7168K, used 7072K [0x00000000d5e00000, 0x00000000d6540000, 0x0000000000000000)
  eden space 6912K, 100% used [0x00000000d5e00000,0x00000000d64c0000,0x00000000d64c0000)
  from space 256K, 62% used [0x00000000d6500000,0x00000000d6528000,0x00000000d6540000)
  to   space 256K, 0% used [0x00000000d64c0000,0x00000000d64c0000,0x00000000d6500000)
 ParOldGen       total 86272K, used 49048K [0x0000000081a00000, 0x0000000086e40000, 0x00000000d5e00000)
  object space 86272K, 56% used [0x0000000081a00000,0x00000000849e6238,0x0000000086e40000)
 PSPermGen       total 21248K, used 15384K [0x000000007c800000, 0x000000007dcc0000, 0x0000000081a00000)
  object space 21248K, 72% used [0x000000007c800000,0x000000007d706208,0x000000007dcc0000)
Event: 628.732 GC heap after
Heap after GC invocations=745 (full 0):
 PSYoungGen      total 7168K, used 192K [0x00000000d5e00000, 0x00000000d6540000, 0x0000000000000000)
  eden space 6912K, 0% used [0x00000000d5e00000,0x00000000d5e00000,0x00000000d64c0000)
  from space 256K, 75% used [0x00000000d64c0000,0x00000000d64f0000,0x00000000d6500000)
  to   space 256K, 0% used [0x00000000d6500000,0x00000000d6500000,0x00000000d6540000)
 ParOldGen       total 86272K, used 49096K [0x0000000081a00000, 0x0000000086e40000, 0x00000000d5e00000)
  object space 86272K, 56% used [0x0000000081a00000,0x00000000849f2238,0x0000000086e40000)
 PSPermGen       total 21248K, used 15384K [0x000000007c800000, 0x000000007dcc0000, 0x0000000081a00000)
  object space 21248K, 72% used [0x000000007c800000,0x000000007d706208,0x000000007dcc0000)
}

Deoptimization events (10 events):
Event: 25.727 Thread 0x0000000022f42000 Uncommon trap -83 fr.pc 0x000000000259efd4
Event: 25.727 Thread 0x0000000022f42000 Uncommon trap -83 fr.pc 0x000000000259fd54
Event: 26.453 Thread 0x0000000022f42000 Uncommon trap -34 fr.pc 0x000000000257add4
Event: 26.453 Thread 0x0000000022f42000 Uncommon trap -34 fr.pc 0x000000000257add4
Event: 26.609 Thread 0x0000000022f42000 Uncommon trap -34 fr.pc 0x000000000257add4
Event: 26.609 Thread 0x0000000022f42000 Uncommon trap -34 fr.pc 0x000000000257add4
Event: 69.900 Thread 0x0000000001d09000 Uncommon trap -83 fr.pc 0x00000000026b35c0
Event: 91.364 Thread 0x0000000001d09000 Uncommon trap -83 fr.pc 0x00000000026afd6c
Event: 91.364 Thread 0x0000000001d09000 Uncommon trap -83 fr.pc 0x00000000026b13f8
Event: 157.463 Thread 0x000000000d622800 Uncommon trap -28 fr.pc 0x00000000025e2ee4

Internal exceptions (10 events):
Event: 20.714 Thread 0x000000000d622800 Threw 0x00000000d6e3e2c8 at C:\jdk7u1_64p\jdk7u5\hotspot\src\share\vm\prims\jvm.cpp:1166
Event: 25.396 Thread 0x000000000d622800 Threw 0x00000000d73e8170 at C:\jdk7u1_64p\jdk7u5\hotspot\src\share\vm\prims\jvm.cpp:1166
Event: 25.397 Thread 0x000000000d622800 Threw 0x00000000d73ec028 at C:\jdk7u1_64p\jdk7u5\hotspot\src\share\vm\prims\jvm.cpp:1166
Event: 25.400 Thread 0x000000000d622800 Threw 0x00000000d73f32c8 at C:\jdk7u1_64p\jdk7u5\hotspot\src\share\vm\prims\jni.cpp:715
Event: 25.400 Thread 0x000000000d622800 Threw 0x00000000d73f3bb0 at C:\jdk7u1_64p\jdk7u5\hotspot\src\share\vm\prims\jni.cpp:715
Event: 25.426 Thread 0x0000000022f42000 Threw 0x00000000d74d9fe0 at C:\jdk7u1_64p\jdk7u5\hotspot\src\share\vm\prims\jni.cpp:715
Event: 25.727 Thread 0x0000000022f42000 Implicit null exception at 0x000000000259ec56 to 0x000000000259efbd
Event: 25.727 Thread 0x0000000022f42000 Implicit null exception at 0x000000000259f9d6 to 0x000000000259fd3d
Event: 27.701 Thread 0x0000000022f42000 Threw 0x00000000d76eb6d0 at C:\jdk7u1_64p\jdk7u5\hotspot\src\share\vm\prims\jvm.cpp:1166
Event: 157.463 Thread 0x000000000d622800 Threw 0x00000000d623a698 at C:\jdk7u1_64p\jdk7u5\hotspot\src\share\vm\interpreter\interpreterRuntime.cpp:347

Events (10 events):
Event: 554.834 Executing VM operation: ParallelGCFailedAllocation
Event: 554.835 Executing VM operation: ParallelGCFailedAllocation done
Event: 555.433 Executing VM operation: ParallelGCFailedAllocation
Event: 555.434 Executing VM operation: ParallelGCFailedAllocation done
Event: 556.050 Executing VM operation: ParallelGCFailedAllocation
Event: 556.051 Executing VM operation: ParallelGCFailedAllocation done
Event: 556.649 Executing VM operation: ParallelGCFailedAllocation
Event: 556.651 Executing VM operation: ParallelGCFailedAllocation done
Event: 628.731 Executing VM operation: ParallelGCFailedAllocation
Event: 628.732 Executing VM operation: ParallelGCFailedAllocation done


Dynamic libraries:
0x000000003f8a0000 - 0x000000003f8d4000 	C:\Program Files\Java\jre7\bin\javaw.exe
0x0000000077300000 - 0x00000000774a9000 	C:\Windows\SYSTEM32\ntdll.dll
0x00000000770e0000 - 0x00000000771ff000 	C:\Windows\system32\kernel32.dll
0x00000000fd1d0000 - 0x00000000fd23b000 	C:\Windows\system32\KERNELBASE.dll
0x00000000fd930000 - 0x00000000fda0b000 	C:\Windows\system32\ADVAPI32.dll
0x00000000fda80000 - 0x00000000fdb1f000 	C:\Windows\system32\msvcrt.dll
0x00000000ff5a0000 - 0x00000000ff5bf000 	C:\Windows\SYSTEM32\sechost.dll
0x00000000fd5a0000 - 0x00000000fd6cd000 	C:\Windows\system32\RPCRT4.dll
0x0000000077200000 - 0x00000000772fa000 	C:\Windows\system32\USER32.dll
0x00000000fda10000 - 0x00000000fda77000 	C:\Windows\system32\GDI32.dll
0x00000000fdf20000 - 0x00000000fdf2e000 	C:\Windows\system32\LPK.dll
0x00000000fe200000 - 0x00000000fe2c9000 	C:\Windows\system32\USP10.dll
0x00000000fb6f0000 - 0x00000000fb8e4000 	C:\Windows\WinSxS\amd64_microsoft.windows.common-controls_6595b64144ccf1df_6.0.7601.17514_none_fa396087175ac9ac\COMCTL32.dll
0x00000000fd520000 - 0x00000000fd591000 	C:\Windows\system32\SHLWAPI.dll
0x00000000fd4f0000 - 0x00000000fd51e000 	C:\Windows\system32\IMM32.DLL
0x00000000fde10000 - 0x00000000fdf19000 	C:\Windows\system32\MSCTF.dll
0x000000005ff40000 - 0x0000000060011000 	C:\Program Files\Java\jre7\bin\msvcr100.dll
0x000000005de60000 - 0x000000005e57a000 	C:\Program Files\Java\jre7\bin\server\jvm.dll
0x00000000f6410000 - 0x00000000f6419000 	C:\Windows\system32\WSOCK32.dll
0x00000000ff5c0000 - 0x00000000ff60d000 	C:\Windows\system32\WS2_32.dll
0x00000000fde00000 - 0x00000000fde08000 	C:\Windows\system32\NSI.dll
0x00000000f8f70000 - 0x00000000f8fab000 	C:\Windows\system32\WINMM.dll
0x00000000774c0000 - 0x00000000774c7000 	C:\Windows\system32\PSAPI.DLL
0x0000000066480000 - 0x000000006648f000 	C:\Program Files\Java\jre7\bin\verify.dll
0x0000000063200000 - 0x0000000063228000 	C:\Program Files\Java\jre7\bin\java.dll
0x0000000065220000 - 0x0000000065235000 	C:\Program Files\Java\jre7\bin\zip.dll
0x0000000065580000 - 0x0000000065612000 	C:\Users\PRIMESWIFT\AppData\Local\Temp\libgdxPRIMESWIFT\b31d4806\gdx64.dll
0x00000000fc990000 - 0x00000000fc9a7000 	C:\Windows\system32\CRYPTSP.dll
0x00000000fc690000 - 0x00000000fc6d7000 	C:\Windows\system32\rsaenh.dll
0x00000000fc410000 - 0x00000000fc42e000 	C:\Windows\system32\USERENV.dll
0x00000000fd0c0000 - 0x00000000fd0cf000 	C:\Windows\system32\profapi.dll
0x00000000fcff0000 - 0x00000000fcfff000 	C:\Windows\system32\CRYPTBASE.dll
0x00000000631e0000 - 0x00000000631f9000 	C:\Program Files\Java\jre7\bin\net.dll
0x00000000fc930000 - 0x00000000fc985000 	C:\Windows\system32\mswsock.dll
0x00000000fc920000 - 0x00000000fc927000 	C:\Windows\System32\wship6.dll
0x00000000fbed0000 - 0x00000000fbee5000 	C:\Windows\system32\NLAapi.dll
0x00000000f1890000 - 0x00000000f18a5000 	C:\Windows\system32\napinsp.dll
0x00000000f1870000 - 0x00000000f1889000 	C:\Windows\system32\pnrpnsp.dll
0x00000000fc7b0000 - 0x00000000fc80b000 	C:\Windows\system32\DNSAPI.dll
0x00000000f1860000 - 0x00000000f186b000 	C:\Windows\System32\winrnr.dll
0x00000000f1850000 - 0x00000000f1860000 	C:\Windows\system32\wshbth.dll
0x0000000071fa0000 - 0x0000000071fce000 	C:\Program Files\Common Files\Microsoft Shared\Windows Live\WLIDNSP.DLL
0x0000000071f70000 - 0x0000000071f96000 	C:\Program Files\Bonjour\mdnsNSP.dll
0x00000000fa7c0000 - 0x00000000fa7e7000 	C:\Windows\system32\Iphlpapi.DLL
0x00000000fa7b0000 - 0x00000000fa7bb000 	C:\Windows\system32\WINNSI.DLL
0x00000000fc2f0000 - 0x00000000fc2f7000 	C:\Windows\System32\wshtcpip.dll
0x00000000f17d0000 - 0x00000000f17d8000 	C:\Windows\system32\rasadhlp.dll
0x00000000fa640000 - 0x00000000fa693000 	C:\Windows\System32\fwpuclnt.dll
0x00000000631c0000 - 0x00000000631d1000 	C:\Program Files\Java\jre7\bin\nio.dll
0x0000000080000000 - 0x0000000080051000 	C:\Users\PRIMESWIFT\AppData\Local\Temp\libgdxPRIMESWIFT\15a3d019\lwjgl64.dll
0x00000000e0650000 - 0x00000000e076d000 	C:\Windows\system32\OPENGL32.dll
0x00000000ee230000 - 0x00000000ee25d000 	C:\Windows\system32\GLU32.dll
0x00000000e1af0000 - 0x00000000e1be1000 	C:\Windows\system32\DDRAW.dll
0x00000000faac0000 - 0x00000000faac8000 	C:\Windows\system32\DCIMAN32.dll
0x00000000fd6d0000 - 0x00000000fd8a7000 	C:\Windows\system32\SETUPAPI.dll
0x00000000fd3b0000 - 0x00000000fd3e6000 	C:\Windows\system32\CFGMGR32.dll
0x00000000fdd20000 - 0x00000000fddf7000 	C:\Windows\system32\OLEAUT32.dll
0x00000000fe2d0000 - 0x00000000fe4d3000 	C:\Windows\system32\ole32.dll
0x00000000fd430000 - 0x00000000fd44a000 	C:\Windows\system32\DEVOBJ.dll
0x00000000faeb0000 - 0x00000000faec8000 	C:\Windows\system32\dwmapi.dll
0x00000000fc1d0000 - 0x00000000fc1dc000 	C:\Windows\system32\VERSION.dll
0x0000000001d10000 - 0x0000000001d74000 	C:\Users\PRIMES~1\AppData\Local\Temp\libgdxPRIMESWIFT\15a3d019\OpenAL64.dll
0x00000000fe810000 - 0x00000000ff598000 	C:\Windows\system32\SHELL32.dll
0x00000000fbef0000 - 0x00000000fbf46000 	C:\Windows\system32\uxtheme.dll
0x00000000fdb20000 - 0x00000000fdbb9000 	C:\Windows\system32\CLBCatQ.DLL
0x00000000fbd50000 - 0x00000000fbe7c000 	C:\Windows\System32\PROPSYS.dll
0x00000000fd3f0000 - 0x00000000fd42a000 	C:\Windows\system32\WINTRUST.dll
0x00000000fd240000 - 0x00000000fd3ac000 	C:\Windows\system32\CRYPT32.dll
0x00000000fd160000 - 0x00000000fd16f000 	C:\Windows\system32\MSASN1.dll
0x00000000f6430000 - 0x00000000f64b8000 	C:\Windows\system32\dsound.dll
0x00000000fc1e0000 - 0x00000000fc20c000 	C:\Windows\system32\POWRPROF.dll
0x00000000fbe80000 - 0x00000000fbecb000 	C:\Windows\System32\MMDevApi.dll
0x00000000f5570000 - 0x00000000f55bf000 	C:\Windows\system32\AUDIOSES.DLL
0x00000000faaf0000 - 0x00000000faaf9000 	C:\Windows\system32\atig6pxx.dll
0x0000000059830000 - 0x000000005afca000 	C:\Windows\system32\atio6axx.dll
0x00000000fa7f0000 - 0x00000000fa89a000 	C:\Windows\system32\atiadlxx.dll
0x00000000fc2d0000 - 0x00000000fc2e1000 	C:\Windows\system32\WTSAPI32.dll
0x00000000f8d00000 - 0x00000000f8e1c000 	C:\Windows\system32\aticfx64.dll
0x00000000f6bd0000 - 0x00000000f6bdf000 	C:\Windows\system32\atig6txx.dll
0x00000000eabf0000 - 0x00000000eac8c000 	C:\Windows\system32\mscms.dll
0x00000000e4a00000 - 0x00000000e4a42000 	C:\Windows\system32\icm32.dll
0x000000006a740000 - 0x000000006a7e3000 	C:\Users\PRIMESWIFT\AppData\Local\Temp\libgdxPRIMESWIFT\34e60b07\gdx-freetype64.dll
0x00000000627a0000 - 0x0000000062934000 	C:\Program Files\Java\jre7\bin\awt.dll
0x0000000065ab0000 - 0x0000000065ae4000 	C:\Program Files\Java\jre7\bin\fontmanager.dll
0x00000000e2830000 - 0x00000000e2a2f000 	C:\Windows\system32\d3d9.dll
0x00000000edff0000 - 0x00000000edff7000 	C:\Windows\system32\d3d8thk.dll
0x00000000edfd0000 - 0x00000000edff0000 	C:\Windows\system32\atiu9p64.dll
0x00000000e2170000 - 0x00000000e2828000 	C:\Windows\system32\atiumd64.dll
0x0000000069580000 - 0x0000000069a4d000 	C:\Windows\system32\atiumd6a.dll
0x0000000065790000 - 0x00000000657d1000 	C:\Program Files\Java\jre7\bin\t2k.dll
0x00000000fad00000 - 0x00000000fae61000 	C:\Windows\system32\WindowsCodecs.dll
0x00000000fcf90000 - 0x00000000fcfe7000 	C:\Windows\system32\apphelp.dll
0x00000000f9650000 - 0x00000000f967b000 	C:\Users\PRIMESWIFT\AppData\Roaming\Dropbox\bin\DropboxExt64.22.dll
0x00000000fbbe0000 - 0x00000000fbd05000 	C:\Windows\system32\dbghelp.dll
0x00000000739f0000 - 0x0000000073ac3000 	C:\Windows\WinSxS\amd64_microsoft.vc90.crt_1fc8b3b9a1e18e3b_9.0.30729.6161_none_08e61857a83bc251\MSVCP90.dll
0x0000000073940000 - 0x00000000739e3000 	C:\Windows\WinSxS\amd64_microsoft.vc90.crt_1fc8b3b9a1e18e3b_9.0.30729.6161_none_08e61857a83bc251\MSVCR90.dll
0x00000000f8ec0000 - 0x00000000f8ef5000 	C:\Windows\system32\EhStorShell.dll
0x00000000f7eb0000 - 0x00000000f851f000 	C:\PROGRA~1\MICROS~4\Office14\GROOVEEX.DLL
0x0000000072e00000 - 0x0000000072e2f000 	C:\Windows\WinSxS\amd64_microsoft.vc90.atl_1fc8b3b9a1e18e3b_9.0.30729.6161_none_0a1fd3a3a768b895\ATL90.DLL
0x00000000f7a90000 - 0x00000000f7eaa000 	C:\PROGRA~1\COMMON~1\MICROS~1\OFFICE14\Cultures\office.odf
0x00000000f7220000 - 0x00000000f7a85000 	C:\PROGRA~1\MICROS~4\Office14\1033\GrooveIntlResource.dll
0x00000000f8eb0000 - 0x00000000f8eb8000 	C:\Program Files (x86)\Internet Download Manager\IDMShellExt64.dll
0x00000000f71a0000 - 0x00000000f721e000 	C:\Windows\System32\cscui.dll
0x00000000f8e70000 - 0x00000000f8e7c000 	C:\Windows\System32\CSCDLL.dll
0x00000000f8e60000 - 0x00000000f8e6f000 	C:\Windows\system32\CSCAPI.dll

VM Arguments:
jvm_args: -Dfile.encoding=Cp1252 
java_command: com.kenneth.whp2.Main
Launcher Type: SUN_STANDARD

Environment Variables:
PATH=C:\Program Files (x86)\AMD APP\bin\x86_64;C:\Program Files (x86)\AMD APP\bin\x86;C:\Program Files\Common Files\Microsoft Shared\Windows Live;C:\Program Files (x86)\NVIDIA Corporation\PhysX\Common;C:\Windows\system32;C:\Windows;C:\Windows\System32\Wbem;C:\Windows\System32\WindowsPowerShell\v1.0\;C:\Program Files (x86)\ATI Technologies\ATI.ACE\Core-Static;C:\Program Files (x86)\Intel\OpenCL SDK\2.0\bin\x86;C:\Program Files (x86)\Intel\OpenCL SDK\2.0\bin\x64;C:\Program Files (x86)\QuickTime Alternative\QTSystem;C:\Program Files (x86)\Toshiba\Bluetooth Toshiba Stack\sys\;C:\Program Files (x86)\Toshiba\Bluetooth Toshiba Stack\sys\x64\;C:\Program Files (x86)\Intel\OpenCL SDK\2.0\bin\x86;C:\Program Files (x86)\Intel\OpenCL SDK\2.0\bin\x64;C:\Program Files\Common Files\Microsoft Shared\Windows Live
USERNAME=PRIMESWIFT
OS=Windows_NT
PROCESSOR_IDENTIFIER=Intel64 Family 6 Model 42 Stepping 7, GenuineIntel



---------------  S Y S T E M  ---------------

OS: Windows 7 , 64 bit Build 7601 Service Pack 1

CPU:total 4 (4 cores per cpu, 1 threads per core) family 6 model 42 stepping 7, cmov, cx8, fxsr, mmx, sse, sse2, sse3, ssse3, sse4.1, sse4.2, popcnt, avx, tsc, tscinvbit

Memory: 4k page, physical 8280008k(1189888k free), swap 16558152k(2851908k free)

vm_info: Java HotSpot(TM) 64-Bit Server VM (23.1-b03) for windows-amd64 JRE (1.7.0_05-b05), built on May 15 2012 18:09:30 by "java_re" with unknown MS VC++:1600

time: Sun May 04 19:41:38 2014
elapsed time: 654 seconds

